mode: set
github.com/cloud-bulldozer/go-commons/indexers/elastic.go:47.13,49.2 1 1
github.com/cloud-bulldozer/go-commons/indexers/elastic.go:52.66,54.31 2 1
github.com/cloud-bulldozer/go-commons/indexers/elastic.go:54.31,56.3 1 0
github.com/cloud-bulldozer/go-commons/indexers/elastic.go:57.2,63.16 4 1
github.com/cloud-bulldozer/go-commons/indexers/elastic.go:63.16,65.3 1 0
github.com/cloud-bulldozer/go-commons/indexers/elastic.go:66.2,67.16 2 1
github.com/cloud-bulldozer/go-commons/indexers/elastic.go:67.16,69.3 1 1
github.com/cloud-bulldozer/go-commons/indexers/elastic.go:70.2,70.25 1 0
github.com/cloud-bulldozer/go-commons/indexers/elastic.go:70.25,72.3 1 0
github.com/cloud-bulldozer/go-commons/indexers/elastic.go:73.2,75.17 3 0
github.com/cloud-bulldozer/go-commons/indexers/elastic.go:75.17,77.18 2 0
github.com/cloud-bulldozer/go-commons/indexers/elastic.go:77.18,79.4 1 0
github.com/cloud-bulldozer/go-commons/indexers/elastic.go:81.2,81.12 1 0
github.com/cloud-bulldozer/go-commons/indexers/elastic.go:85.93,97.16 6 1
github.com/cloud-bulldozer/go-commons/indexers/elastic.go:97.16,99.3 1 0
github.com/cloud-bulldozer/go-commons/indexers/elastic.go:100.2,101.37 2 1
github.com/cloud-bulldozer/go-commons/indexers/elastic.go:101.37,103.17 2 1
github.com/cloud-bulldozer/go-commons/indexers/elastic.go:103.17,105.4 1 1
github.com/cloud-bulldozer/go-commons/indexers/elastic.go:106.3,113.105 2 1
github.com/cloud-bulldozer/go-commons/indexers/elastic.go:113.105,117.6 3 0
github.com/cloud-bulldozer/go-commons/indexers/elastic.go:120.3,120.17 1 1
github.com/cloud-bulldozer/go-commons/indexers/elastic.go:120.17,122.4 1 0
github.com/cloud-bulldozer/go-commons/indexers/elastic.go:123.3,123.17 1 1
github.com/cloud-bulldozer/go-commons/indexers/elastic.go:125.2,125.55 1 1
github.com/cloud-bulldozer/go-commons/indexers/elastic.go:125.55,127.3 1 0
github.com/cloud-bulldozer/go-commons/indexers/elastic.go:128.2,129.38 2 1
github.com/cloud-bulldozer/go-commons/indexers/elastic.go:129.38,131.3 1 0
github.com/cloud-bulldozer/go-commons/indexers/elastic.go:132.2,132.99 1 1
github.com/cloud-bulldozer/go-commons/indexers/factory.go:24.64,28.52 4 1
github.com/cloud-bulldozer/go-commons/indexers/factory.go:28.52,30.17 2 1
github.com/cloud-bulldozer/go-commons/indexers/factory.go:30.17,32.4 1 0
github.com/cloud-bulldozer/go-commons/indexers/factory.go:33.8,35.3 1 1
github.com/cloud-bulldozer/go-commons/indexers/factory.go:36.2,36.22 1 1
github.com/cloud-bulldozer/go-commons/indexers/local.go:32.13,34.2 1 1
github.com/cloud-bulldozer/go-commons/indexers/local.go:37.56,38.42 1 1
github.com/cloud-bulldozer/go-commons/indexers/local.go:38.42,40.3 1 1
github.com/cloud-bulldozer/go-commons/indexers/local.go:41.2,43.12 3 1
github.com/cloud-bulldozer/go-commons/indexers/local.go:47.83,49.24 2 1
github.com/cloud-bulldozer/go-commons/indexers/local.go:49.24,51.3 1 1
github.com/cloud-bulldozer/go-commons/indexers/local.go:51.8,53.3 1 1
github.com/cloud-bulldozer/go-commons/indexers/local.go:54.2,56.16 3 1
github.com/cloud-bulldozer/go-commons/indexers/local.go:56.16,58.3 1 1
github.com/cloud-bulldozer/go-commons/indexers/local.go:59.2,61.50 3 1
github.com/cloud-bulldozer/go-commons/indexers/local.go:61.50,63.3 1 1
github.com/cloud-bulldozer/go-commons/indexers/local.go:64.2,64.16 1 1
github.com/cloud-bulldozer/go-commons/indexers/opensearch.go:46.13,48.2 1 1
github.com/cloud-bulldozer/go-commons/indexers/opensearch.go:51.77,53.31 2 1
github.com/cloud-bulldozer/go-commons/indexers/opensearch.go:53.31,55.3 1 1
github.com/cloud-bulldozer/go-commons/indexers/opensearch.go:56.2,62.16 4 1
github.com/cloud-bulldozer/go-commons/indexers/opensearch.go:62.16,64.3 1 1
github.com/cloud-bulldozer/go-commons/indexers/opensearch.go:65.2,66.16 2 1
github.com/cloud-bulldozer/go-commons/indexers/opensearch.go:66.16,68.3 1 1
github.com/cloud-bulldozer/go-commons/indexers/opensearch.go:69.2,69.25 1 1
github.com/cloud-bulldozer/go-commons/indexers/opensearch.go:69.25,71.3 1 0
github.com/cloud-bulldozer/go-commons/indexers/opensearch.go:72.2,74.17 3 1
github.com/cloud-bulldozer/go-commons/indexers/opensearch.go:74.17,76.18 2 0
github.com/cloud-bulldozer/go-commons/indexers/opensearch.go:76.18,78.4 1 0
github.com/cloud-bulldozer/go-commons/indexers/opensearch.go:80.2,80.12 1 1
github.com/cloud-bulldozer/go-commons/indexers/opensearch.go:84.104,96.16 6 1
github.com/cloud-bulldozer/go-commons/indexers/opensearch.go:96.16,98.3 1 0
github.com/cloud-bulldozer/go-commons/indexers/opensearch.go:99.2,100.37 2 1
github.com/cloud-bulldozer/go-commons/indexers/opensearch.go:100.37,102.17 2 1
github.com/cloud-bulldozer/go-commons/indexers/opensearch.go:102.17,104.4 1 1
github.com/cloud-bulldozer/go-commons/indexers/opensearch.go:105.3,112.121 2 1
github.com/cloud-bulldozer/go-commons/indexers/opensearch.go:112.121,116.6 3 0
github.com/cloud-bulldozer/go-commons/indexers/opensearch.go:119.3,119.17 1 1
github.com/cloud-bulldozer/go-commons/indexers/opensearch.go:119.17,121.4 1 0
github.com/cloud-bulldozer/go-commons/indexers/opensearch.go:122.3,122.17 1 1
github.com/cloud-bulldozer/go-commons/indexers/opensearch.go:124.2,124.55 1 1
github.com/cloud-bulldozer/go-commons/indexers/opensearch.go:124.55,126.3 1 0
github.com/cloud-bulldozer/go-commons/indexers/opensearch.go:127.2,128.38 2 1
github.com/cloud-bulldozer/go-commons/indexers/opensearch.go:128.38,130.3 1 0
github.com/cloud-bulldozer/go-commons/indexers/opensearch.go:131.2,131.99 1 1
